{
  "timestamp": "2025-08-11 08:25:03",
  "test_results": {
    "error_handling": "FAILED - No module named 'numpy'",
    "input_validation": "FAILED - cannot access free variable 'np' where it is not associated with a value in enclosing scope",
    "security": "PASSED",
    "retry_mechanism": "PASSED",
    "logging": "PASSED"
  },
  "robustness_score": 25,
  "security_score": 25,
  "reliability_score": 25,
  "overall_score": 25.0,
  "pass_rate": 60.0,
  "generation_2_status": "PARTIAL"
}